# JRE version: Java(TM) SE Runtime Environment (21.0.5+9) (build 21.0.5+9-LTS-239)
# Java VM: Java HotSpot(TM) 64-Bit Server VM (21.0.5+9-LTS-239, mixed mode, emulated-client, sharing, tiered, compressed oops, compressed class ptrs, g1 gc, windows-amd64)
GC Precious Log:
 CardTable entry size: 512
 Card Set container configuration: InlinePtr #cards 5 size 8 Array Of Cards #cards 12 size 40 Howl #buckets 4 coarsen threshold 1843 Howl Bitmap #cards 512 size 80 coarsen threshold 460 Card regions per heap region 1 cards per card region 2048
 CPUs: 8 total, 8 available
 Memory: 7872M
 Large Page Support: Disabled
 NUMA Support: Disabled
 Compressed Oops: Enabled (32-bit)
 Heap Region Size: 1M
 Heap Min Capacity: 8M
 Heap Initial Capacity: 124M
 Heap Max Capacity: 1970M
 Pre-touch: Disabled
 Parallel Workers: 8
 Concurrent Workers: 2
 Concurrent Refinement Workers: 8
 Periodic GC: Disabled
Heap:
 garbage-first heap   total 61440K, used 41292K [0x0000000084e00000, 0x0000000100000000)
  region size 1024K, 21 young (21504K), 4 survivors (4096K)
 Metaspace       used 61506K, committed 62144K, reserved 1114112K
  class space    used 8520K, committed 8832K, reserved 1048576K
GC Heap History (20 events):
Event: 0.731 GC heap before
{Heap before GC invocations=0 (full 0):
 garbage-first heap   total 126976K, used 24576K [0x0000000084e00000, 0x0000000100000000)
  region size 1024K, 23 young (23552K), 0 survivors (0K)
 Metaspace       used 7594K, committed 7808K, reserved 1114112K
  class space    used 920K, committed 1024K, reserved 1048576K
}
Event: 0.740 GC heap after
{Heap after GC invocations=1 (full 0):
 garbage-first heap   total 126976K, used 7881K [0x0000000084e00000, 0x0000000100000000)
  region size 1024K, 3 young (3072K), 3 survivors (3072K)
 Metaspace       used 7594K, committed 7808K, reserved 1114112K
  class space    used 920K, committed 1024K, reserved 1048576K
}
Event: 1.071 GC heap before
{Heap before GC invocations=1 (full 0):
 garbage-first heap   total 126976K, used 36553K [0x0000000084e00000, 0x0000000100000000)
  region size 1024K, 31 young (31744K), 3 survivors (3072K)
 Metaspace       used 14230K, committed 14592K, reserved 1114112K
  class space    used 1824K, committed 1984K, reserved 1048576K
}
Event: 1.076 GC heap after
{Heap after GC invocations=2 (full 0):
 garbage-first heap   total 126976K, used 10777K [0x0000000084e00000, 0x0000000100000000)
  region size 1024K, 3 young (3072K), 3 survivors (3072K)
 Metaspace       used 14230K, committed 14592K, reserved 1114112K
  class space    used 1824K, committed 1984K, reserved 1048576K
}
Event: 1.657 GC heap before
{Heap before GC invocations=2 (full 0):
 garbage-first heap   total 126976K, used 52761K [0x0000000084e00000, 0x0000000100000000)
  region size 1024K, 46 young (47104K), 3 survivors (3072K)
 Metaspace       used 21184K, committed 21504K, reserved 1114112K
  class space    used 2757K, committed 2880K, reserved 1048576K
}
Event: 1.664 GC heap after
{Heap after GC invocations=3 (full 0):
 garbage-first heap   total 126976K, used 14129K [0x0000000084e00000, 0x0000000100000000)
  region size 1024K, 6 young (6144K), 6 survivors (6144K)
 Metaspace       used 21184K, committed 21504K, reserved 1114112K
  class space    used 2757K, committed 2880K, reserved 1048576K
}
Event: 2.002 GC heap before
{Heap before GC invocations=4 (full 0):
 garbage-first heap   total 51200K, used 38705K [0x0000000084e00000, 0x0000000100000000)
  region size 1024K, 30 young (30720K), 6 survivors (6144K)
 Metaspace       used 24750K, committed 25216K, reserved 1114112K
  class space    used 3311K, committed 3520K, reserved 1048576K
}
Event: 2.015 GC heap after
{Heap after GC invocations=5 (full 0):
 garbage-first heap   total 51200K, used 16658K [0x0000000084e00000, 0x0000000100000000)
  region size 1024K, 3 young (3072K), 3 survivors (3072K)
 Metaspace       used 24750K, committed 25216K, reserved 1114112K
  class space    used 3311K, committed 3520K, reserved 1048576K
}
Event: 2.335 GC heap before
{Heap before GC invocations=5 (full 0):
 garbage-first heap   total 51200K, used 39186K [0x0000000084e00000, 0x0000000100000000)
  region size 1024K, 25 young (25600K), 3 survivors (3072K)
 Metaspace       used 28706K, committed 29248K, reserved 1114112K
  class space    used 3864K, committed 4096K, reserved 1048576K
}
Event: 2.343 GC heap after
{Heap after GC invocations=6 (full 0):
 garbage-first heap   total 61440K, used 18432K [0x0000000084e00000, 0x0000000100000000)
  region size 1024K, 4 young (4096K), 4 survivors (4096K)
 Metaspace       used 28706K, committed 29248K, reserved 1114112K
  class space    used 3864K, committed 4096K, reserved 1048576K
}
Event: 2.725 GC heap before
{Heap before GC invocations=6 (full 0):
 garbage-first heap   total 61440K, used 50176K [0x0000000084e00000, 0x0000000100000000)
  region size 1024K, 35 young (35840K), 4 survivors (4096K)
 Metaspace       used 34908K, committed 35456K, reserved 1114112K
  class space    used 4803K, committed 5056K, reserved 1048576K
}
Event: 2.729 GC heap after
{Heap after GC invocations=7 (full 0):
 garbage-first heap   total 61440K, used 20227K [0x0000000084e00000, 0x0000000100000000)
  region size 1024K, 4 young (4096K), 4 survivors (4096K)
 Metaspace       used 34908K, committed 35456K, reserved 1114112K
  class space    used 4803K, committed 5056K, reserved 1048576K
}
Event: 2.779 GC heap before
{Heap before GC invocations=7 (full 0):
 garbage-first heap   total 61440K, used 23299K [0x0000000084e00000, 0x0000000100000000)
  region size 1024K, 8 young (8192K), 4 survivors (4096K)
 Metaspace       used 35641K, committed 36160K, reserved 1114112K
  class space    used 4945K, committed 5184K, reserved 1048576K
}
Event: 2.782 GC heap after
{Heap after GC invocations=8 (full 0):
 garbage-first heap   total 61440K, used 20510K [0x0000000084e00000, 0x0000000100000000)
  region size 1024K, 2 young (2048K), 2 survivors (2048K)
 Metaspace       used 35641K, committed 36160K, reserved 1114112K
  class space    used 4945K, committed 5184K, reserved 1048576K
}
Event: 3.437 GC heap before
{Heap before GC invocations=9 (full 0):
 garbage-first heap   total 61440K, used 52254K [0x0000000084e00000, 0x0000000100000000)
  region size 1024K, 33 young (33792K), 2 survivors (2048K)
 Metaspace       used 46715K, committed 47360K, reserved 1114112K
  class space    used 6330K, committed 6656K, reserved 1048576K
}
Event: 3.442 GC heap after
{Heap after GC invocations=10 (full 0):
 garbage-first heap   total 61440K, used 23283K [0x0000000084e00000, 0x0000000100000000)
  region size 1024K, 5 young (5120K), 5 survivors (5120K)
 Metaspace       used 46715K, committed 47360K, reserved 1114112K
  class space    used 6330K, committed 6656K, reserved 1048576K
}
Event: 3.862 GC heap before
{Heap before GC invocations=10 (full 0):
 garbage-first heap   total 61440K, used 50931K [0x0000000084e00000, 0x0000000100000000)
  region size 1024K, 33 young (33792K), 5 survivors (5120K)
 Metaspace       used 53792K, committed 54400K, reserved 1114112K
  class space    used 7385K, committed 7680K, reserved 1048576K
}
Event: 3.866 GC heap after
{Heap after GC invocations=11 (full 0):
 garbage-first heap   total 61440K, used 24287K [0x0000000084e00000, 0x0000000100000000)
  region size 1024K, 2 young (2048K), 2 survivors (2048K)
 Metaspace       used 53792K, committed 54400K, reserved 1114112K
  class space    used 7385K, committed 7680K, reserved 1048576K
}
Event: 4.240 GC heap before
{Heap before GC invocations=11 (full 0):
 garbage-first heap   total 61440K, used 50911K [0x0000000084e00000, 0x0000000100000000)
  region size 1024K, 29 young (29696K), 2 survivors (2048K)
 Metaspace       used 59770K, committed 60416K, reserved 1114112K
  class space    used 8184K, committed 8512K, reserved 1048576K
}
Event: 4.244 GC heap after
{Heap after GC invocations=12 (full 0):
 garbage-first heap   total 61440K, used 25932K [0x0000000084e00000, 0x0000000100000000)
  region size 1024K, 4 young (4096K), 4 survivors (4096K)
 Metaspace       used 59770K, committed 60416K, reserved 1114112K
  class space    used 8184K, committed 8512K, reserved 1048576K
}

